19/10/22 14:30:24 DEBUG:starting thread (client mode): 0x46ce0e48
19/10/22 14:30:24 DEBUG:Local version/idstring: SSH-2.0-paramiko_2.6.0
19/10/22 14:30:24 DEBUG:Remote version/idstring: SSH-2.0-OpenSSH_7.2p2 Ubuntu-4ubuntu2.8
19/10/22 14:30:24 INFO:Connected (version 2.0, client OpenSSH_7.2p2)
19/10/22 14:30:24 DEBUG:kex algos:['curve25519-sha256@libssh.org', 'ecdh-sha2-nistp256', 'ecdh-sha2-nistp384', 'ecdh-sha2-nistp521', 'diffie-hellman-group-exchange-sha256', 'diffie-hellman-group14-sha1'] server key:['ssh-rsa', 'rsa-sha2-512', 'rsa-sha2-256', 'ecdsa-sha2-nistp256', 'ssh-ed25519'] client encrypt:['chacha20-poly1305@openssh.com', 'aes128-ctr', 'aes192-ctr', 'aes256-ctr', 'aes128-gcm@openssh.com', 'aes256-gcm@openssh.com'] server encrypt:['chacha20-poly1305@openssh.com', 'aes128-ctr', 'aes192-ctr', 'aes256-ctr', 'aes128-gcm@openssh.com', 'aes256-gcm@openssh.com'] client mac:['umac-64-etm@openssh.com', 'umac-128-etm@openssh.com', 'hmac-sha2-256-etm@openssh.com', 'hmac-sha2-512-etm@openssh.com', 'hmac-sha1-etm@openssh.com', 'umac-64@openssh.com', 'umac-128@openssh.com', 'hmac-sha2-256', 'hmac-sha2-512', 'hmac-sha1'] server mac:['umac-64-etm@openssh.com', 'umac-128-etm@openssh.com', 'hmac-sha2-256-etm@openssh.com', 'hmac-sha2-512-etm@openssh.com', 'hmac-sha1-etm@openssh.com', 'umac-64@openssh.com', 'umac-128@openssh.com', 'hmac-sha2-256', 'hmac-sha2-512', 'hmac-sha1'] client compress:['none', 'zlib@openssh.com'] server compress:['none', 'zlib@openssh.com'] client lang:[''] server lang:[''] kex follows?False
19/10/22 14:30:24 DEBUG:Kex agreed: curve25519-sha256@libssh.org
19/10/22 14:30:24 DEBUG:HostKey agreed: ssh-ed25519
19/10/22 14:30:24 DEBUG:Cipher agreed: aes128-ctr
19/10/22 14:30:24 DEBUG:MAC agreed: hmac-sha2-256
19/10/22 14:30:24 DEBUG:Compression agreed: none
19/10/22 14:30:24 DEBUG:kex engine KexCurve25519 specified hash_algo <built-in function openssl_sha256>
19/10/22 14:30:24 DEBUG:Switch to new keys ...
19/10/22 14:30:24 DEBUG:Adding ssh-ed25519 host key for 192.168.127.98: b'cb8f9dffe8938b57bc0f4b0fac17583d'
19/10/22 14:30:24 DEBUG:userauth is OK
19/10/22 14:30:24 INFO:Authentication (password) successful!
19/10/22 14:30:24 WARNING:192.168.127.98-login success, will execute command£º'kubectl get nodes'
19/10/22 14:30:25 DEBUG:Received global request "hostkeys-00@openssh.com"
19/10/22 14:30:25 DEBUG:Rejecting "hostkeys-00@openssh.com" global request from server.
19/10/22 14:30:43 DEBUG:[chan 0] Max packet in: 32768 bytes
19/10/22 14:30:43 DEBUG:[chan 0] Max packet out: 32768 bytes
19/10/22 14:30:43 DEBUG:Secsh channel 0 opened.
19/10/22 14:30:43 DEBUG:[chan 0] Sesch channel 0 request ok
19/10/22 14:30:43 DEBUG:[chan 0] EOF received (0)
19/10/22 14:30:43 DEBUG:
19/10/22 14:30:43 DEBUG:[chan 0] EOF sent (0)
19/10/22 14:30:43 WARNING:will exit host
19/10/22 14:30:43 DEBUG:EOF in transport thread
